<?xml version="1.0" encoding="UTF-8"?>
<!-- Generated by org.testng.reporters.JUnitReportReporter -->
<testsuite skipped="1" hostname="SlinkiAir" name="tests.single.VerifyingThatTourNavigates" tests="1" failures="0" timestamp="31 Oct 2017 18:13:00 GMT" time="0.000" errors="0">
  <testcase name="VerifyingThatTourNavigates" time="0.000" classname="tests.single.VerifyingThatTourNavigates">
    <skipped/>
  </testcase> <!-- VerifyingThatTourNavigates -->
</testsuite> <!-- tests.single.VerifyingThatTourNavigates -->
