<?xml version="1.0" encoding="UTF-8"?>
<!-- Generated by org.testng.reporters.JUnitReportReporter -->
<testsuite skipped="0" hostname="DESKTOP-6P3RCQL" name="tests.single.Stonybrook_Reg" tests="1" failures="0" timestamp="15 Feb 2018 10:38:42 GMT" time="45.189" errors="0">
  <testcase name="Register" time="45.189" classname="tests.single.Stonybrook_Reg"/>
</testsuite> <!-- tests.single.Stonybrook_Reg -->
